This file contains any messages produced by compilers while
running configure, to aid debugging if configure makes a mistake.

It was created by configure, which was
generated by GNU Autoconf 2.69.  Invocation command line was

  $ ./configure --no-create --no-recursion

## --------- ##
## Platform. ##
## --------- ##

hostname = omb-devops
uname -m = x86_64
uname -r = 4.15.0-34-generic
uname -s = Linux
uname -v = #37-Ubuntu SMP Mon Aug 27 15:21:48 UTC 2018

/usr/bin/uname -p = unknown
/bin/uname -X     = unknown

/bin/arch              = unknown
/usr/bin/arch -k       = unknown
/usr/convex/getsysinfo = unknown
/usr/bin/hostinfo      = unknown
/bin/machine           = unknown
/usr/bin/oslevel       = unknown
/bin/universe          = unknown

PATH: /usr/local/sbin
PATH: /usr/local/bin
PATH: /usr/sbin
PATH: /usr/bin
PATH: /sbin
PATH: /bin
PATH: /usr/games
PATH: /usr/local/games
PATH: /snap/bin


## ----------- ##
## Core tests. ##
## ----------- ##

configure:2221: result: Begining autoconfiguration process for thc-ssl-dos-1.4...
configure:2257: checking build system type
configure:2271: result: x86_64-unknown-linux-gnu
configure:2291: checking host system type
configure:2304: result: x86_64-unknown-linux-gnu
configure:2324: checking target system type
configure:2337: result: x86_64-unknown-linux-gnu
configure:2381: checking for a BSD-compatible install
configure:2449: result: /usr/bin/install -c
configure:2460: checking whether build environment is sane
configure:2510: result: yes
configure:2651: checking for a thread-safe mkdir -p
configure:2690: result: /bin/mkdir -p
configure:2703: checking for gawk
configure:2733: result: no
configure:2703: checking for mawk
configure:2719: found /usr/bin/mawk
configure:2730: result: mawk
configure:2741: checking whether make sets $(MAKE)
configure:2763: result: yes
configure:2894: checking for gcc
configure:2910: found /usr/bin/gcc
configure:2921: result: gcc
configure:3150: checking for C compiler version
configure:3159: gcc --version >&5
gcc (Ubuntu 7.3.0-16ubuntu3) 7.3.0
Copyright (C) 2017 Free Software Foundation, Inc.
This is free software; see the source for copying conditions.  There is NO
warranty; not even for MERCHANTABILITY or FITNESS FOR A PARTICULAR PURPOSE.

configure:3170: $? = 0
configure:3159: gcc -v >&5
Using built-in specs.
COLLECT_GCC=gcc
COLLECT_LTO_WRAPPER=/usr/lib/gcc/x86_64-linux-gnu/7/lto-wrapper
OFFLOAD_TARGET_NAMES=nvptx-none
OFFLOAD_TARGET_DEFAULT=1
Target: x86_64-linux-gnu
Configured with: ../src/configure -v --with-pkgversion='Ubuntu 7.3.0-16ubuntu3' --with-bugurl=file:///usr/share/doc/gcc-7/README.Bugs --enable-languages=c,ada,c++,go,brig,d,fortran,objc,obj-c++ --prefix=/usr --with-gcc-major-version-only --with-as=/usr/bin/x86_64-linux-gnu-as --with-ld=/usr/bin/x86_64-linux-gnu-ld --program-suffix=-7 --program-prefix=x86_64-linux-gnu- --enable-shared --enable-linker-build-id --libexecdir=/usr/lib --without-included-gettext --enable-threads=posix --libdir=/usr/lib --enable-nls --with-sysroot=/ --enable-clocale=gnu --enable-libstdcxx-debug --enable-libstdcxx-time=yes --with-default-libstdcxx-abi=new --enable-gnu-unique-object --disable-vtable-verify --enable-libmpx --enable-plugin --enable-default-pie --with-system-zlib --with-target-system-zlib --enable-objc-gc=auto --enable-multiarch --disable-werror --with-arch-32=i686 --with-abi=m64 --with-multilib-list=m32,m64,mx32 --enable-multilib --with-tune=generic --enable-offload-targets=nvptx-none --without-cuda-driver --enable-checking=release --build=x86_64-linux-gnu --host=x86_64-linux-gnu --target=x86_64-linux-gnu
Thread model: posix
gcc version 7.3.0 (Ubuntu 7.3.0-16ubuntu3) 
configure:3170: $? = 0
configure:3159: gcc -V >&5
gcc: error: unrecognized command line option '-V'
gcc: fatal error: no input files
compilation terminated.
configure:3170: $? = 1
configure:3159: gcc -qversion >&5
gcc: error: unrecognized command line option '-qversion'; did you mean '--version'?
gcc: fatal error: no input files
compilation terminated.
configure:3170: $? = 1
configure:3190: checking whether the C compiler works
configure:3212: gcc    conftest.c  >&5
configure:3216: $? = 0
configure:3264: result: yes
configure:3267: checking for C compiler default output file name
configure:3269: result: a.out
configure:3275: checking for suffix of executables
configure:3282: gcc -o conftest    conftest.c  >&5
configure:3286: $? = 0
configure:3308: result: 
configure:3330: checking whether we are cross compiling
configure:3338: gcc -o conftest    conftest.c  >&5
configure:3342: $? = 0
configure:3349: ./conftest
configure:3353: $? = 0
configure:3368: result: no
configure:3373: checking for suffix of object files
configure:3395: gcc -c   conftest.c >&5
configure:3399: $? = 0
configure:3420: result: o
configure:3424: checking whether we are using the GNU C compiler
configure:3443: gcc -c   conftest.c >&5
configure:3443: $? = 0
configure:3452: result: yes
configure:3461: checking whether gcc accepts -g
configure:3481: gcc -c -g  conftest.c >&5
configure:3481: $? = 0
configure:3522: result: yes
configure:3539: checking for gcc option to accept ISO C89
configure:3602: gcc  -c -g -O2  conftest.c >&5
configure:3602: $? = 0
configure:3615: result: none needed
configure:3646: checking for style of include used by make
configure:3674: result: GNU
configure:3699: checking dependency style of gcc
configure:3809: result: gcc3
configure:3868: checking for ranlib
configure:3884: found /usr/bin/ranlib
configure:3895: result: ranlib
configure:3918: checking for an ANSI C-conforming const
configure:3984: gcc -c -g -O2  conftest.c >&5
configure:3984: $? = 0
configure:3991: result: yes
configure:4054: checking whether to compile a static binary
configure:4066: result: no
configure:4079: checking whether to compile with DEBUG flag
configure:4091: result: no
configure:4098: checking for /dev/urandom
configure:4111: result: yes
configure:4121: checking for socket in -lsocket
configure:4146: gcc -o conftest -O2 -Wall  -I/usr/local/include  -L./  -L/usr/local/lib  conftest.c -lsocket   >&5
/usr/bin/x86_64-linux-gnu-ld: cannot find -lsocket
collect2: error: ld returned 1 exit status
configure:4146: $? = 1
configure: failed program was:
| /* confdefs.h */
| #define PACKAGE_NAME ""
| #define PACKAGE_TARNAME ""
| #define PACKAGE_VERSION ""
| #define PACKAGE_STRING ""
| #define PACKAGE_BUGREPORT ""
| #define PACKAGE_URL ""
| #define PACKAGE "thc-ssl-dos"
| #define VERSION "1.4"
| #define HAVE_DEVURANDOM 1
| /* end confdefs.h.  */
| 
| /* Override any GCC internal prototype to avoid an error.
|    Use char because int might match the return type of a GCC
|    builtin and then its argument prototype would still apply.  */
| #ifdef __cplusplus
| extern "C"
| #endif
| char socket ();
| int
| main ()
| {
| return socket ();
|   ;
|   return 0;
| }
configure:4155: result: no
configure:4166: checking for gethostbyname in -lnsl
configure:4191: gcc -o conftest -O2 -Wall  -I/usr/local/include  -L./  -L/usr/local/lib  conftest.c -lnsl   >&5
configure:4191: $? = 0
configure:4200: result: yes
configure:4212: checking for DH_free in -lcrypto
configure:4237: gcc -o conftest -O2 -Wall  -I/usr/local/include  -L./  -L/usr/local/lib  conftest.c -lcrypto  -lnsl  >&5
configure:4237: $? = 0
configure:4246: result: yes
configure:4259: checking for BIO_new_ssl in -lssl
configure:4284: gcc -o conftest -O2 -Wall  -I/usr/local/include  -L./  -L/usr/local/lib  conftest.c -lssl  -lcrypto -lnsl  >&5
configure:4284: $? = 0
configure:4293: result: yes
configure:4307: checking OpenSSL library version
configure:4327: gcc -o conftest -O2 -Wall  -I/usr/local/include  -L./  -L/usr/local/lib  conftest.c -lssl -lcrypto -lnsl  >&5
configure:4327: $? = 0
configure:4327: ./conftest
configure:4327: $? = 0
configure:4328: result: ok
configure:4346: checking how to run the C preprocessor
configure:4377: gcc -E  -I/usr/local/include  conftest.c
configure:4377: $? = 0
configure:4391: gcc -E  -I/usr/local/include  conftest.c
conftest.c:15:10: fatal error: ac_nonexistent.h: No such file or directory
 #include <ac_nonexistent.h>
          ^~~~~~~~~~~~~~~~~~
compilation terminated.
configure:4391: $? = 1
configure: failed program was:
| /* confdefs.h */
| #define PACKAGE_NAME ""
| #define PACKAGE_TARNAME ""
| #define PACKAGE_VERSION ""
| #define PACKAGE_STRING ""
| #define PACKAGE_BUGREPORT ""
| #define PACKAGE_URL ""
| #define PACKAGE "thc-ssl-dos"
| #define VERSION "1.4"
| #define HAVE_DEVURANDOM 1
| #define HAVE_LIBNSL 1
| #define HAVE_LIBCRYPTO 1
| #define HAVE_LIBSSL 1
| /* end confdefs.h.  */
| #include <ac_nonexistent.h>
configure:4416: result: gcc -E
configure:4436: gcc -E  -I/usr/local/include  conftest.c
configure:4436: $? = 0
configure:4450: gcc -E  -I/usr/local/include  conftest.c
conftest.c:15:10: fatal error: ac_nonexistent.h: No such file or directory
 #include <ac_nonexistent.h>
          ^~~~~~~~~~~~~~~~~~
compilation terminated.
configure:4450: $? = 1
configure: failed program was:
| /* confdefs.h */
| #define PACKAGE_NAME ""
| #define PACKAGE_TARNAME ""
| #define PACKAGE_VERSION ""
| #define PACKAGE_STRING ""
| #define PACKAGE_BUGREPORT ""
| #define PACKAGE_URL ""
| #define PACKAGE "thc-ssl-dos"
| #define VERSION "1.4"
| #define HAVE_DEVURANDOM 1
| #define HAVE_LIBNSL 1
| #define HAVE_LIBCRYPTO 1
| #define HAVE_LIBSSL 1
| /* end confdefs.h.  */
| #include <ac_nonexistent.h>
configure:4479: checking for grep that handles long lines and -e
configure:4537: result: /bin/grep
configure:4542: checking for egrep
configure:4604: result: /bin/grep -E
configure:4609: checking for ANSI C header files
configure:4629: gcc -c -O2 -Wall  -I/usr/local/include  conftest.c >&5
configure:4629: $? = 0
configure:4702: gcc -o conftest -O2 -Wall  -I/usr/local/include  -L./  -L/usr/local/lib  conftest.c -lssl -lcrypto -lnsl  >&5
configure:4702: $? = 0
configure:4702: ./conftest
configure:4702: $? = 0
configure:4713: result: yes
configure:4721: checking for sys/wait.h that is POSIX.1 compatible
configure:4747: gcc -c -O2 -Wall  -I/usr/local/include  conftest.c >&5
configure:4747: $? = 0
configure:4754: result: yes
configure:4767: checking for sys/types.h
configure:4767: gcc -c -O2 -Wall  -I/usr/local/include  conftest.c >&5
configure:4767: $? = 0
configure:4767: result: yes
configure:4767: checking for sys/stat.h
configure:4767: gcc -c -O2 -Wall  -I/usr/local/include  conftest.c >&5
configure:4767: $? = 0
configure:4767: result: yes
configure:4767: checking for stdlib.h
configure:4767: gcc -c -O2 -Wall  -I/usr/local/include  conftest.c >&5
configure:4767: $? = 0
configure:4767: result: yes
configure:4767: checking for string.h
configure:4767: gcc -c -O2 -Wall  -I/usr/local/include  conftest.c >&5
configure:4767: $? = 0
configure:4767: result: yes
configure:4767: checking for memory.h
configure:4767: gcc -c -O2 -Wall  -I/usr/local/include  conftest.c >&5
configure:4767: $? = 0
configure:4767: result: yes
configure:4767: checking for strings.h
configure:4767: gcc -c -O2 -Wall  -I/usr/local/include  conftest.c >&5
configure:4767: $? = 0
configure:4767: result: yes
configure:4767: checking for inttypes.h
configure:4767: gcc -c -O2 -Wall  -I/usr/local/include  conftest.c >&5
configure:4767: $? = 0
configure:4767: result: yes
configure:4767: checking for stdint.h
configure:4767: gcc -c -O2 -Wall  -I/usr/local/include  conftest.c >&5
configure:4767: $? = 0
configure:4767: result: yes
configure:4767: checking for unistd.h
configure:4767: gcc -c -O2 -Wall  -I/usr/local/include  conftest.c >&5
configure:4767: $? = 0
configure:4767: result: yes
configure:4782: checking sys/time.h usability
configure:4782: gcc -c -O2 -Wall  -I/usr/local/include  conftest.c >&5
configure:4782: $? = 0
configure:4782: result: yes
configure:4782: checking sys/time.h presence
configure:4782: gcc -E  -I/usr/local/include  conftest.c
configure:4782: $? = 0
configure:4782: result: yes
configure:4782: checking for sys/time.h
configure:4782: result: yes
configure:4782: checking for unistd.h
configure:4782: result: yes
configure:4782: checking for string.h
configure:4782: result: yes
configure:4793: checking for an ANSI C-conforming const
configure:4866: result: yes
configure:4874: checking whether time.h and sys/time.h may both be included
configure:4894: gcc -c -O2 -Wall  -I/usr/local/include  conftest.c >&5
configure:4894: $? = 0
configure:4901: result: yes
configure:4910: checking for working memcmp
configure:4953: gcc -o conftest -O2 -Wall  -I/usr/local/include  -L./  -L/usr/local/lib  conftest.c -lssl -lcrypto -lnsl  >&5
configure:4953: $? = 0
configure:4953: ./conftest
configure:4953: $? = 0
configure:4963: result: yes
configure:4973: checking for size_t
configure:4973: gcc -c -O2 -Wall  -I/usr/local/include  conftest.c >&5
configure:4973: $? = 0
configure:4973: gcc -c -O2 -Wall  -I/usr/local/include  conftest.c >&5
conftest.c: In function 'main':
conftest.c:66:21: error: expected expression before ')' token
 if (sizeof ((size_t)))
                     ^
configure:4973: $? = 1
configure: failed program was:
| /* confdefs.h */
| #define PACKAGE_NAME ""
| #define PACKAGE_TARNAME ""
| #define PACKAGE_VERSION ""
| #define PACKAGE_STRING ""
| #define PACKAGE_BUGREPORT ""
| #define PACKAGE_URL ""
| #define PACKAGE "thc-ssl-dos"
| #define VERSION "1.4"
| #define HAVE_DEVURANDOM 1
| #define HAVE_LIBNSL 1
| #define HAVE_LIBCRYPTO 1
| #define HAVE_LIBSSL 1
| #define STDC_HEADERS 1
| #define HAVE_SYS_WAIT_H 1
| #define HAVE_SYS_TYPES_H 1
| #define HAVE_SYS_STAT_H 1
| #define HAVE_STDLIB_H 1
| #define HAVE_STRING_H 1
| #define HAVE_MEMORY_H 1
| #define HAVE_STRINGS_H 1
| #define HAVE_INTTYPES_H 1
| #define HAVE_STDINT_H 1
| #define HAVE_UNISTD_H 1
| #define HAVE_SYS_TIME_H 1
| #define HAVE_UNISTD_H 1
| #define HAVE_STRING_H 1
| #define TIME_WITH_SYS_TIME 1
| /* end confdefs.h.  */
| #include <stdio.h>
| #ifdef HAVE_SYS_TYPES_H
| # include <sys/types.h>
| #endif
| #ifdef HAVE_SYS_STAT_H
| # include <sys/stat.h>
| #endif
| #ifdef STDC_HEADERS
| # include <stdlib.h>
| # include <stddef.h>
| #else
| # ifdef HAVE_STDLIB_H
| #  include <stdlib.h>
| # endif
| #endif
| #ifdef HAVE_STRING_H
| # if !defined STDC_HEADERS && defined HAVE_MEMORY_H
| #  include <memory.h>
| # endif
| # include <string.h>
| #endif
| #ifdef HAVE_STRINGS_H
| # include <strings.h>
| #endif
| #ifdef HAVE_INTTYPES_H
| # include <inttypes.h>
| #endif
| #ifdef HAVE_STDINT_H
| # include <stdint.h>
| #endif
| #ifdef HAVE_UNISTD_H
| # include <unistd.h>
| #endif
| int
| main ()
| {
| if (sizeof ((size_t)))
| 	    return 0;
|   ;
|   return 0;
| }
configure:4973: result: yes
configure:4984: checking for u_int32_t
configure:4984: gcc -c -O2 -Wall  -I/usr/local/include  conftest.c >&5
configure:4984: $? = 0
configure:4984: gcc -c -O2 -Wall  -I/usr/local/include  conftest.c >&5
conftest.c: In function 'main':
conftest.c:66:24: error: expected expression before ')' token
 if (sizeof ((u_int32_t)))
                        ^
configure:4984: $? = 1
configure: failed program was:
| /* confdefs.h */
| #define PACKAGE_NAME ""
| #define PACKAGE_TARNAME ""
| #define PACKAGE_VERSION ""
| #define PACKAGE_STRING ""
| #define PACKAGE_BUGREPORT ""
| #define PACKAGE_URL ""
| #define PACKAGE "thc-ssl-dos"
| #define VERSION "1.4"
| #define HAVE_DEVURANDOM 1
| #define HAVE_LIBNSL 1
| #define HAVE_LIBCRYPTO 1
| #define HAVE_LIBSSL 1
| #define STDC_HEADERS 1
| #define HAVE_SYS_WAIT_H 1
| #define HAVE_SYS_TYPES_H 1
| #define HAVE_SYS_STAT_H 1
| #define HAVE_STDLIB_H 1
| #define HAVE_STRING_H 1
| #define HAVE_MEMORY_H 1
| #define HAVE_STRINGS_H 1
| #define HAVE_INTTYPES_H 1
| #define HAVE_STDINT_H 1
| #define HAVE_UNISTD_H 1
| #define HAVE_SYS_TIME_H 1
| #define HAVE_UNISTD_H 1
| #define HAVE_STRING_H 1
| #define TIME_WITH_SYS_TIME 1
| /* end confdefs.h.  */
| #include <stdio.h>
| #ifdef HAVE_SYS_TYPES_H
| # include <sys/types.h>
| #endif
| #ifdef HAVE_SYS_STAT_H
| # include <sys/stat.h>
| #endif
| #ifdef STDC_HEADERS
| # include <stdlib.h>
| # include <stddef.h>
| #else
| # ifdef HAVE_STDLIB_H
| #  include <stdlib.h>
| # endif
| #endif
| #ifdef HAVE_STRING_H
| # if !defined STDC_HEADERS && defined HAVE_MEMORY_H
| #  include <memory.h>
| # endif
| # include <string.h>
| #endif
| #ifdef HAVE_STRINGS_H
| # include <strings.h>
| #endif
| #ifdef HAVE_INTTYPES_H
| # include <inttypes.h>
| #endif
| #ifdef HAVE_STDINT_H
| # include <stdint.h>
| #endif
| #ifdef HAVE_UNISTD_H
| # include <unistd.h>
| #endif
| int
| main ()
| {
| if (sizeof ((u_int32_t)))
| 	    return 0;
|   ;
|   return 0;
| }
configure:4984: result: yes
configure:4994: checking for uint32_t
configure:4994: gcc -c -O2 -Wall  -I/usr/local/include  conftest.c >&5
configure:4994: $? = 0
configure:4994: gcc -c -O2 -Wall  -I/usr/local/include  conftest.c >&5
conftest.c: In function 'main':
conftest.c:67:23: error: expected expression before ')' token
 if (sizeof ((uint32_t)))
                       ^
configure:4994: $? = 1
configure: failed program was:
| /* confdefs.h */
| #define PACKAGE_NAME ""
| #define PACKAGE_TARNAME ""
| #define PACKAGE_VERSION ""
| #define PACKAGE_STRING ""
| #define PACKAGE_BUGREPORT ""
| #define PACKAGE_URL ""
| #define PACKAGE "thc-ssl-dos"
| #define VERSION "1.4"
| #define HAVE_DEVURANDOM 1
| #define HAVE_LIBNSL 1
| #define HAVE_LIBCRYPTO 1
| #define HAVE_LIBSSL 1
| #define STDC_HEADERS 1
| #define HAVE_SYS_WAIT_H 1
| #define HAVE_SYS_TYPES_H 1
| #define HAVE_SYS_STAT_H 1
| #define HAVE_STDLIB_H 1
| #define HAVE_STRING_H 1
| #define HAVE_MEMORY_H 1
| #define HAVE_STRINGS_H 1
| #define HAVE_INTTYPES_H 1
| #define HAVE_STDINT_H 1
| #define HAVE_UNISTD_H 1
| #define HAVE_SYS_TIME_H 1
| #define HAVE_UNISTD_H 1
| #define HAVE_STRING_H 1
| #define TIME_WITH_SYS_TIME 1
| #define HAVE_U_INT32_T 1
| /* end confdefs.h.  */
| #include <stdio.h>
| #ifdef HAVE_SYS_TYPES_H
| # include <sys/types.h>
| #endif
| #ifdef HAVE_SYS_STAT_H
| # include <sys/stat.h>
| #endif
| #ifdef STDC_HEADERS
| # include <stdlib.h>
| # include <stddef.h>
| #else
| # ifdef HAVE_STDLIB_H
| #  include <stdlib.h>
| # endif
| #endif
| #ifdef HAVE_STRING_H
| # if !defined STDC_HEADERS && defined HAVE_MEMORY_H
| #  include <memory.h>
| # endif
| # include <string.h>
| #endif
| #ifdef HAVE_STRINGS_H
| # include <strings.h>
| #endif
| #ifdef HAVE_INTTYPES_H
| # include <inttypes.h>
| #endif
| #ifdef HAVE_STDINT_H
| # include <stdint.h>
| #endif
| #ifdef HAVE_UNISTD_H
| # include <unistd.h>
| #endif
| int
| main ()
| {
| if (sizeof ((uint32_t)))
| 	    return 0;
|   ;
|   return 0;
| }
configure:4994: result: yes
configure:5008: checking for gettimeofday
configure:5008: gcc -o conftest -O2 -Wall  -I/usr/local/include  -L./  -L/usr/local/lib  conftest.c -lssl -lcrypto -lnsl  >&5
configure:5008: $? = 0
configure:5008: result: yes
configure:5008: checking for memcpy
configure:5008: gcc -o conftest -O2 -Wall  -I/usr/local/include  -L./  -L/usr/local/lib  conftest.c -lssl -lcrypto -lnsl  >&5
conftest.c:56:6: warning: conflicting types for built-in function 'memcpy' [-Wbuiltin-declaration-mismatch]
 char memcpy ();
      ^~~~~~
configure:5008: $? = 0
configure:5008: result: yes
configure:5008: checking for strchr
configure:5008: gcc -o conftest -O2 -Wall  -I/usr/local/include  -L./  -L/usr/local/lib  conftest.c -lssl -lcrypto -lnsl  >&5
conftest.c:57:6: warning: conflicting types for built-in function 'strchr' [-Wbuiltin-declaration-mismatch]
 char strchr ();
      ^~~~~~
configure:5008: $? = 0
configure:5008: result: yes
configure:5008: checking for snprintf
configure:5008: gcc -o conftest -O2 -Wall  -I/usr/local/include  -L./  -L/usr/local/lib  conftest.c -lssl -lcrypto -lnsl  >&5
conftest.c:58:6: warning: conflicting types for built-in function 'snprintf' [-Wbuiltin-declaration-mismatch]
 char snprintf ();
      ^~~~~~~~
configure:5008: $? = 0
configure:5008: result: yes
configure:5008: checking for vsnprintf
configure:5008: gcc -o conftest -O2 -Wall  -I/usr/local/include  -L./  -L/usr/local/lib  conftest.c -lssl -lcrypto -lnsl  >&5
conftest.c:59:6: warning: conflicting types for built-in function 'vsnprintf' [-Wbuiltin-declaration-mismatch]
 char vsnprintf ();
      ^~~~~~~~~
configure:5008: $? = 0
configure:5008: result: yes
configure:5162: creating ./config.status

## ---------------- ##
## Cache variables. ##
## ---------------- ##

ac_cv_build=x86_64-unknown-linux-gnu
ac_cv_c_compiler_gnu=yes
ac_cv_c_const=yes
ac_cv_env_CC_set=
ac_cv_env_CC_value=
ac_cv_env_CFLAGS_set=
ac_cv_env_CFLAGS_value=
ac_cv_env_CPPFLAGS_set=
ac_cv_env_CPPFLAGS_value=
ac_cv_env_CPP_set=
ac_cv_env_CPP_value=
ac_cv_env_LDFLAGS_set=
ac_cv_env_LDFLAGS_value=
ac_cv_env_LIBS_set=
ac_cv_env_LIBS_value=
ac_cv_env_build_alias_set=
ac_cv_env_build_alias_value=
ac_cv_env_host_alias_set=
ac_cv_env_host_alias_value=
ac_cv_env_target_alias_set=
ac_cv_env_target_alias_value=
ac_cv_file__dev_urandom=yes
ac_cv_func_gettimeofday=yes
ac_cv_func_memcmp_working=yes
ac_cv_func_memcpy=yes
ac_cv_func_snprintf=yes
ac_cv_func_strchr=yes
ac_cv_func_vsnprintf=yes
ac_cv_header_inttypes_h=yes
ac_cv_header_memory_h=yes
ac_cv_header_stdc=yes
ac_cv_header_stdint_h=yes
ac_cv_header_stdlib_h=yes
ac_cv_header_string_h=yes
ac_cv_header_strings_h=yes
ac_cv_header_sys_stat_h=yes
ac_cv_header_sys_time_h=yes
ac_cv_header_sys_types_h=yes
ac_cv_header_sys_wait_h=yes
ac_cv_header_time=yes
ac_cv_header_unistd_h=yes
ac_cv_host=x86_64-unknown-linux-gnu
ac_cv_lib_crypto_DH_free=yes
ac_cv_lib_nsl_gethostbyname=yes
ac_cv_lib_socket_socket=no
ac_cv_lib_ssl_BIO_new_ssl=yes
ac_cv_objext=o
ac_cv_path_EGREP='/bin/grep -E'
ac_cv_path_GREP=/bin/grep
ac_cv_path_install='/usr/bin/install -c'
ac_cv_path_mkdir=/bin/mkdir
ac_cv_prog_AWK=mawk
ac_cv_prog_CPP='gcc -E'
ac_cv_prog_ac_ct_CC=gcc
ac_cv_prog_ac_ct_RANLIB=ranlib
ac_cv_prog_cc_c89=
ac_cv_prog_cc_g=yes
ac_cv_prog_make_make_set=yes
ac_cv_target=x86_64-unknown-linux-gnu
ac_cv_type_size_t=yes
ac_cv_type_u_int32_t=yes
ac_cv_type_uint32_t=yes
am_cv_CC_dependencies_compiler_type=gcc3

## ----------------- ##
## Output variables. ##
## ----------------- ##

ACLOCAL='${SHELL} /home/omb-devops/github/thc-ssl-dos/config/missing --run aclocal-1.11'
AMDEPBACKSLASH='\'
AMDEP_FALSE='#'
AMDEP_TRUE=''
AMTAR='${SHELL} /home/omb-devops/github/thc-ssl-dos/config/missing --run tar'
AUTOCONF='${SHELL} /home/omb-devops/github/thc-ssl-dos/config/missing --run autoconf'
AUTOHEADER='${SHELL} /home/omb-devops/github/thc-ssl-dos/config/missing --run autoheader'
AUTOMAKE='${SHELL} /home/omb-devops/github/thc-ssl-dos/config/missing --run automake-1.11'
AWK='mawk'
CC='gcc'
CCDEPMODE='depmode=gcc3'
CFLAGS='-O2 -Wall'
CPP='gcc -E'
CPPFLAGS=' -I/usr/local/include '
CYGPATH_W='echo'
DEFS='-DHAVE_CONFIG_H'
DEPDIR='.deps'
ECHO_C=''
ECHO_N='-n'
ECHO_T=''
EGREP='/bin/grep -E'
EXEEXT=''
GREP='/bin/grep'
INSTALL_DATA='${INSTALL} -m 644'
INSTALL_PROGRAM='${INSTALL}'
INSTALL_SCRIPT='${INSTALL}'
INSTALL_STRIP_PROGRAM='$(install_sh) -c -s'
LDFLAGS='-L./  -L/usr/local/lib '
LIBOBJS=''
LIBS='-lssl -lcrypto -lnsl '
LTLIBOBJS=''
MAKEINFO='${SHELL} /home/omb-devops/github/thc-ssl-dos/config/missing --run makeinfo'
MKDIR_P='/bin/mkdir -p'
OBJEXT='o'
PACKAGE='thc-ssl-dos'
PACKAGE_BUGREPORT=''
PACKAGE_NAME=''
PACKAGE_STRING=''
PACKAGE_TARNAME=''
PACKAGE_URL=''
PACKAGE_VERSION=''
PATH_SEPARATOR=':'
RANLIB='ranlib'
SET_MAKE=''
SHELL='/bin/bash'
STRIP=''
VERSION='1.4'
ac_ct_CC='gcc'
am__EXEEXT_FALSE=''
am__EXEEXT_TRUE='#'
am__fastdepCC_FALSE='#'
am__fastdepCC_TRUE=''
am__include='include'
am__isrc=''
am__leading_dot='.'
am__quote=''
am__tar='${AMTAR} chof - "$$tardir"'
am__untar='${AMTAR} xf -'
bindir='${exec_prefix}/bin'
build='x86_64-unknown-linux-gnu'
build_alias=''
build_cpu='x86_64'
build_os='linux-gnu'
build_vendor='unknown'
datadir='${datarootdir}'
datarootdir='${prefix}/share'
docdir='${datarootdir}/doc/${PACKAGE}'
dvidir='${docdir}'
exec_prefix='/usr/local'
host='x86_64-unknown-linux-gnu'
host_alias=''
host_cpu='x86_64'
host_os='linux-gnu'
host_vendor='unknown'
htmldir='${docdir}'
includedir='${prefix}/include'
infodir='${datarootdir}/info'
install_sh='${SHELL} /home/omb-devops/github/thc-ssl-dos/config/install-sh'
libdir='${exec_prefix}/lib'
libexecdir='${exec_prefix}/libexec'
localedir='${datarootdir}/locale'
localstatedir='${prefix}/var'
mandir='${datarootdir}/man'
mkdir_p='/bin/mkdir -p'
oldincludedir='/usr/include'
pdfdir='${docdir}'
prefix='/usr/local'
program_transform_name='s,x,x,'
psdir='${docdir}'
runstatedir='${localstatedir}/run'
sbindir='${exec_prefix}/sbin'
sharedstatedir='${prefix}/com'
sysconfdir='${prefix}/etc'
target='x86_64-unknown-linux-gnu'
target_alias=''
target_cpu='x86_64'
target_os='linux-gnu'
target_vendor='unknown'

## ----------- ##
## confdefs.h. ##
## ----------- ##

/* confdefs.h */
#define PACKAGE_NAME ""
#define PACKAGE_TARNAME ""
#define PACKAGE_VERSION ""
#define PACKAGE_STRING ""
#define PACKAGE_BUGREPORT ""
#define PACKAGE_URL ""
#define PACKAGE "thc-ssl-dos"
#define VERSION "1.4"
#define HAVE_DEVURANDOM 1
#define HAVE_LIBNSL 1
#define HAVE_LIBCRYPTO 1
#define HAVE_LIBSSL 1
#define STDC_HEADERS 1
#define HAVE_SYS_WAIT_H 1
#define HAVE_SYS_TYPES_H 1
#define HAVE_SYS_STAT_H 1
#define HAVE_STDLIB_H 1
#define HAVE_STRING_H 1
#define HAVE_MEMORY_H 1
#define HAVE_STRINGS_H 1
#define HAVE_INTTYPES_H 1
#define HAVE_STDINT_H 1
#define HAVE_UNISTD_H 1
#define HAVE_SYS_TIME_H 1
#define HAVE_UNISTD_H 1
#define HAVE_STRING_H 1
#define TIME_WITH_SYS_TIME 1
#define HAVE_U_INT32_T 1
#define HAVE_UINT32_T 1
#define HAVE_GETTIMEOFDAY 1
#define HAVE_MEMCPY 1
#define HAVE_STRCHR 1
#define HAVE_SNPRINTF 1
#define HAVE_VSNPRINTF 1
#define IS_UNIX 1

configure: exit 0

## ---------------------- ##
## Running config.status. ##
## ---------------------- ##

This file was extended by config.status, which was
generated by GNU Autoconf 2.69.  Invocation command line was

  CONFIG_FILES    = 
  CONFIG_HEADERS  = 
  CONFIG_LINKS    = 
  CONFIG_COMMANDS = 
  $ ./config.status 

on omb-devops

config.status:879: creating Makefile
config.status:879: creating src/Makefile
config.status:879: creating config.h
config.status:1060: config.h is unchanged
config.status:1108: executing depfiles commands

## ---------------------- ##
## Running config.status. ##
## ---------------------- ##

This file was extended by config.status, which was
generated by GNU Autoconf 2.69.  Invocation command line was

  CONFIG_FILES    = 
  CONFIG_HEADERS  = 
  CONFIG_LINKS    = 
  CONFIG_COMMANDS = 
  $ ./config.status config.h

on omb-devops

config.status:879: creating config.h
config.status:1060: config.h is unchanged
